k:\users\gstoddard\miscellany\lunah fsw imitation data product packet creation\lunah_evt_bin_file_translator\lunah_evt_bin_file_translator\x64\debug\vc141.pdb
k:\users\gstoddard\miscellany\lunah fsw imitation data product packet creation\lunah_evt_bin_file_translator\lunah_evt_bin_file_translator\x64\debug\vc141.idb
k:\users\gstoddard\miscellany\lunah fsw imitation data product packet creation\lunah_evt_bin_file_translator\x64\debug\lunah_evt_bin_file_translator.pdb
k:\users\gstoddard\miscellany\lunah fsw imitation data product packet creation\lunah_evt_bin_file_translator\lunah_evt_bin_file_translator\x64\debug\lunah_evt_bin_file_translator.res
k:\users\gstoddard\miscellany\lunah fsw imitation data product packet creation\lunah_evt_bin_file_translator\lunah_evt_bin_file_translator\x64\debug\dateclass.obj
k:\users\gstoddard\miscellany\lunah fsw imitation data product packet creation\lunah_evt_bin_file_translator\lunah_evt_bin_file_translator\x64\debug\lunah_evt_bin_file_translator.obj
k:\users\gstoddard\miscellany\lunah fsw imitation data product packet creation\lunah_evt_bin_file_translator\lunah_evt_bin_file_translator\x64\debug\stdafx.obj
k:\users\gstoddard\miscellany\lunah fsw imitation data product packet creation\lunah_evt_bin_file_translator\lunah_evt_bin_file_translator\x64\debug\twodhisto.obj
k:\users\gstoddard\miscellany\lunah fsw imitation data product packet creation\lunah_evt_bin_file_translator\lunah_evt_bin_file_translator\x64\debug\lunah_evt_bin_file_translator.pch
k:\users\gstoddard\miscellany\lunah fsw imitation data product packet creation\lunah_evt_bin_file_translator\x64\debug\lunah_evt_bin_file_translator.exe
k:\users\gstoddard\miscellany\lunah fsw imitation data product packet creation\lunah_evt_bin_file_translator\x64\debug\lunah_evt_bin_file_translator.ilk
k:\users\gstoddard\miscellany\lunah fsw imitation data product packet creation\lunah_evt_bin_file_translator\lunah_evt_bin_file_translator\x64\debug\lunah_ev.c5421508.tlog\cl.command.1.tlog
k:\users\gstoddard\miscellany\lunah fsw imitation data product packet creation\lunah_evt_bin_file_translator\lunah_evt_bin_file_translator\x64\debug\lunah_ev.c5421508.tlog\cl.read.1.tlog
k:\users\gstoddard\miscellany\lunah fsw imitation data product packet creation\lunah_evt_bin_file_translator\lunah_evt_bin_file_translator\x64\debug\lunah_ev.c5421508.tlog\cl.write.1.tlog
k:\users\gstoddard\miscellany\lunah fsw imitation data product packet creation\lunah_evt_bin_file_translator\lunah_evt_bin_file_translator\x64\debug\lunah_ev.c5421508.tlog\link.command.1.tlog
k:\users\gstoddard\miscellany\lunah fsw imitation data product packet creation\lunah_evt_bin_file_translator\lunah_evt_bin_file_translator\x64\debug\lunah_ev.c5421508.tlog\link.read.1.tlog
k:\users\gstoddard\miscellany\lunah fsw imitation data product packet creation\lunah_evt_bin_file_translator\lunah_evt_bin_file_translator\x64\debug\lunah_ev.c5421508.tlog\link.write.1.tlog
k:\users\gstoddard\miscellany\lunah fsw imitation data product packet creation\lunah_evt_bin_file_translator\lunah_evt_bin_file_translator\x64\debug\lunah_ev.c5421508.tlog\rc.command.1.tlog
k:\users\gstoddard\miscellany\lunah fsw imitation data product packet creation\lunah_evt_bin_file_translator\lunah_evt_bin_file_translator\x64\debug\lunah_ev.c5421508.tlog\rc.read.1.tlog
k:\users\gstoddard\miscellany\lunah fsw imitation data product packet creation\lunah_evt_bin_file_translator\lunah_evt_bin_file_translator\x64\debug\lunah_ev.c5421508.tlog\rc.write.1.tlog
