k:\users\gstoddard\miscellany\lunah fsw imitation data product packet creation\lunah_fsw_fake_data\lunah_fsw_fake_data\x64\debug\lunah_fsw_fake_data.pch
k:\users\gstoddard\miscellany\lunah fsw imitation data product packet creation\lunah_fsw_fake_data\lunah_fsw_fake_data\x64\debug\stdafx.obj
k:\users\gstoddard\miscellany\lunah fsw imitation data product packet creation\lunah_fsw_fake_data\lunah_fsw_fake_data\x64\debug\vc141.pdb
k:\users\gstoddard\miscellany\lunah fsw imitation data product packet creation\lunah_fsw_fake_data\lunah_fsw_fake_data\x64\debug\vc141.idb
k:\users\gstoddard\miscellany\lunah fsw imitation data product packet creation\lunah_fsw_fake_data\lunah_fsw_fake_data\x64\debug\twodhisto.obj
k:\users\gstoddard\miscellany\lunah fsw imitation data product packet creation\lunah_fsw_fake_data\lunah_fsw_fake_data\x64\debug\dateclass.obj
k:\users\gstoddard\miscellany\lunah fsw imitation data product packet creation\lunah_fsw_fake_data\lunah_fsw_fake_data\x64\debug\cpsdataproduct.obj
k:\users\gstoddard\miscellany\lunah fsw imitation data product packet creation\lunah_fsw_fake_data\lunah_fsw_fake_data\x64\debug\lunah_fsw_fake_data.obj
k:\users\gstoddard\miscellany\lunah fsw imitation data product packet creation\lunah_fsw_fake_data\x64\debug\lunah_fsw_fake_data.exe
k:\users\gstoddard\miscellany\lunah fsw imitation data product packet creation\lunah_fsw_fake_data\x64\debug\lunah_fsw_fake_data.ilk
k:\users\gstoddard\miscellany\lunah fsw imitation data product packet creation\lunah_fsw_fake_data\x64\debug\lunah_fsw_fake_data.pdb
k:\users\gstoddard\miscellany\lunah fsw imitation data product packet creation\lunah_fsw_fake_data\lunah_fsw_fake_data\x64\debug\lunah_fsw_fake_data.res
k:\users\gstoddard\miscellany\lunah fsw imitation data product packet creation\lunah_fsw_fake_data\lunah_fsw_fake_data\x64\debug\lunah_fs.c5421508.tlog\cl.command.1.tlog
k:\users\gstoddard\miscellany\lunah fsw imitation data product packet creation\lunah_fsw_fake_data\lunah_fsw_fake_data\x64\debug\lunah_fs.c5421508.tlog\cl.read.1.tlog
k:\users\gstoddard\miscellany\lunah fsw imitation data product packet creation\lunah_fsw_fake_data\lunah_fsw_fake_data\x64\debug\lunah_fs.c5421508.tlog\cl.write.1.tlog
k:\users\gstoddard\miscellany\lunah fsw imitation data product packet creation\lunah_fsw_fake_data\lunah_fsw_fake_data\x64\debug\lunah_fs.c5421508.tlog\link.command.1.tlog
k:\users\gstoddard\miscellany\lunah fsw imitation data product packet creation\lunah_fsw_fake_data\lunah_fsw_fake_data\x64\debug\lunah_fs.c5421508.tlog\link.read.1.tlog
k:\users\gstoddard\miscellany\lunah fsw imitation data product packet creation\lunah_fsw_fake_data\lunah_fsw_fake_data\x64\debug\lunah_fs.c5421508.tlog\link.write.1.tlog
k:\users\gstoddard\miscellany\lunah fsw imitation data product packet creation\lunah_fsw_fake_data\lunah_fsw_fake_data\x64\debug\lunah_fs.c5421508.tlog\rc.command.1.tlog
k:\users\gstoddard\miscellany\lunah fsw imitation data product packet creation\lunah_fsw_fake_data\lunah_fsw_fake_data\x64\debug\lunah_fs.c5421508.tlog\rc.read.1.tlog
k:\users\gstoddard\miscellany\lunah fsw imitation data product packet creation\lunah_fsw_fake_data\lunah_fsw_fake_data\x64\debug\lunah_fs.c5421508.tlog\rc.write.1.tlog
